<?xml version="1.0" encoding="UTF-8"?>
<testng-results skipped="0" failed="0" ignored="0" total="2" passed="2">
  <reporter-output>
  </reporter-output>
  <suite name="G99Suite" duration-ms="16189" started-at="2019-01-16T20:59:21Z" finished-at="2019-01-16T20:59:38Z">
    <groups>
    </groups>
    <test name="G99Test" duration-ms="16189" started-at="2019-01-16T20:59:21Z" finished-at="2019-01-16T20:59:38Z">
      <class name="G99.G99Class">
        <test-method status="PASS" signature="dataSource(java.lang.String, java.lang.String, java.lang.String)[pri:0, instance:G99.G99Class@2286778]" name="dataSource" is-config="true" duration-ms="368" started-at="2019-01-16T20:59:21Z" finished-at="2019-01-16T20:59:21Z">
          <params>
            <param index="0">
              <value>
                <![CDATA[webdriver.chrome.driver]]>
              </value>
            </param>
            <param index="1">
              <value>
                <![CDATA[C:\\Users\\faiz1\\Desktop\\Selenium\\geckodriver.exe]]>
              </value>
            </param>
            <param index="2">
              <value>
                <![CDATA[C:\\Users\\ffarooq\\OneDrive - MetLife\\From Box\\Non Project\\Selenium\\chromedriver.exe]]>
              </value>
            </param>
          </params>
          <reporter-output>
          </reporter-output>
        </test-method> <!-- dataSource -->
        <test-method status="PASS" signature="initialiseBrowser()[pri:0, instance:G99.G99Class@2286778]" name="initialiseBrowser" is-config="true" duration-ms="4732" started-at="2019-01-16T20:59:21Z" finished-at="2019-01-16T20:59:26Z">
          <reporter-output>
          </reporter-output>
        </test-method> <!-- initialiseBrowser -->
        <test-method status="PASS" signature="verifyLogin()[pri:1, instance:G99.G99Class@2286778]" name="verifyLogin" duration-ms="8899" started-at="2019-01-16T20:59:26Z" finished-at="2019-01-16T20:59:35Z">
          <reporter-output>
          </reporter-output>
        </test-method> <!-- verifyLogin -->
        <test-method status="PASS" signature="verifymanagerID()[pri:2, instance:G99.G99Class@2286778]" name="verifymanagerID" duration-ms="105" started-at="2019-01-16T20:59:35Z" finished-at="2019-01-16T20:59:35Z">
          <reporter-output>
          </reporter-output>
        </test-method> <!-- verifymanagerID -->
        <test-method status="PASS" signature="closeBrowser()[pri:0, instance:G99.G99Class@2286778]" name="closeBrowser" is-config="true" duration-ms="2409" started-at="2019-01-16T20:59:35Z" finished-at="2019-01-16T20:59:38Z">
          <reporter-output>
          </reporter-output>
        </test-method> <!-- closeBrowser -->
      </class> <!-- G99.G99Class -->
    </test> <!-- G99Test -->
  </suite> <!-- G99Suite -->
</testng-results>
